<?xml version="1.0" encoding="UTF-8"?>
<!-- Generated by org.testng.reporters.JUnitReportReporter -->
<testsuite hostname="LAPTOP-Q54RI2U9" failures="0" tests="1" name="testCases.TC001_AccountRegistrationTest" time="5.874" errors="0" timestamp="2025-05-22T16:45:29 IST" skipped="0">
  <testcase classname="testCases.TC001_AccountRegistrationTest" name="verify_account_registration" time="5.874"/>
</testsuite> <!-- testCases.TC001_AccountRegistrationTest -->
